<?xml version="1.0" encoding="UTF-8"?>
<testsuite name="com.example.discoveryservice.DiscoveryServiceApplicationTests" tests="1" skipped="0" failures="0" errors="0" timestamp="2024-09-22T16:21:51" hostname="VKUKSATECH" time="0.782">
  <properties/>
  <testcase name="contextLoads()" classname="com.example.discoveryservice.DiscoveryServiceApplicationTests" time="0.782"/>
  <system-out><![CDATA[19:21:43.559 [Test worker] INFO org.springframework.test.context.support.AnnotationConfigContextLoaderUtils -- Could not detect default configuration classes for test class [com.example.discoveryservice.DiscoveryServiceApplicationTests]: DiscoveryServiceApplicationTests does not declare any static, non-private, non-final, nested classes annotated with @Configuration.
19:21:43.670 [Test worker] INFO org.springframework.boot.test.context.SpringBootTestContextBootstrapper -- Found @SpringBootConfiguration com.example.discoveryservice.DiscoveryServiceApplication for test class com.example.discoveryservice.DiscoveryServiceApplicationTests

  .   ____          _            __ _ _
 /\\ / ___'_ __ _ _(_)_ __  __ _ \ \ \ \
( ( )\___ | '_ | '_| | '_ \/ _` | \ \ \ \
 \\/  ___)| |_)| | | | | || (_| |  ) ) ) )
  '  |____| .__|_| |_|_| |_\__, | / / / /
 =========|_|==============|___/=/_/_/_/
 :: Spring Boot ::                (v3.2.5)

2024-09-22T19:21:45.317+03:00  INFO 27536 --- [discovery-service] [    Test worker] c.e.d.DiscoveryServiceApplicationTests   : Starting DiscoveryServiceApplicationTests using Java 22.0.1 with PID 27536 (started by sabex in D:\identics\backend\java\discovery-service)
2024-09-22T19:21:45.319+03:00  INFO 27536 --- [discovery-service] [    Test worker] c.e.d.DiscoveryServiceApplicationTests   : No active profile set, falling back to 1 default profile: "default"
2024-09-22T19:21:46.629+03:00  INFO 27536 --- [discovery-service] [    Test worker] o.s.cloud.context.scope.GenericScope     : BeanFactory id=356e3fd6-4713-3544-ae7e-3448464f88c3
2024-09-22T19:21:46.738+03:00  WARN 27536 --- [discovery-service] [    Test worker] trationDelegate$BeanPostProcessorChecker : Bean 'org.springframework.cloud.client.loadbalancer.LoadBalancerAutoConfiguration$DeferringLoadBalancerInterceptorConfig' of type [org.springframework.cloud.client.loadbalancer.LoadBalancerAutoConfiguration$DeferringLoadBalancerInterceptorConfig] is not eligible for getting processed by all BeanPostProcessors (for example: not eligible for auto-proxying). The currently created BeanPostProcessor [lbRestClientPostProcessor] is declared through a non-static factory method on that class; consider declaring it as static instead.
2024-09-22T19:21:46.742+03:00  WARN 27536 --- [discovery-service] [    Test worker] trationDelegate$BeanPostProcessorChecker : Bean 'deferringLoadBalancerInterceptor' of type [org.springframework.cloud.client.loadbalancer.DeferringLoadBalancerInterceptor] is not eligible for getting processed by all BeanPostProcessors (for example: not eligible for auto-proxying). Is this bean getting eagerly injected into a currently created BeanPostProcessor [lbRestClientPostProcessor]? Check the corresponding BeanPostProcessor declaration and its dependencies.
2024-09-22T19:21:48.657+03:00  INFO 27536 --- [discovery-service] [    Test worker] o.s.cloud.commons.util.InetUtils         : Cannot determine local hostname
2024-09-22T19:21:50.109+03:00  INFO 27536 --- [discovery-service] [    Test worker] o.s.cloud.commons.util.InetUtils         : Cannot determine local hostname
2024-09-22T19:21:50.186+03:00  WARN 27536 --- [discovery-service] [    Test worker] iguration$LoadBalancerCaffeineWarnLogger : Spring Cloud LoadBalancer is currently working with the default cache. While this cache implementation is useful for development and tests, it's recommended to use Caffeine cache in production.You can switch to using Caffeine cache, by adding it and org.springframework.cache.caffeine.CaffeineCacheManager to the classpath.
2024-09-22T19:21:50.480+03:00  INFO 27536 --- [discovery-service] [    Test worker] o.s.c.n.eureka.InstanceInfoFactory       : Setting initial instance status as: STARTING
2024-09-22T19:21:50.533+03:00  INFO 27536 --- [discovery-service] [    Test worker] com.netflix.discovery.DiscoveryClient    : Initializing Eureka in region us-east-1
2024-09-22T19:21:50.535+03:00  INFO 27536 --- [discovery-service] [    Test worker] com.netflix.discovery.DiscoveryClient    : Client configured to neither register nor query for data.
2024-09-22T19:21:50.550+03:00  INFO 27536 --- [discovery-service] [    Test worker] com.netflix.discovery.DiscoveryClient    : Discovery Client initialized at timestamp 1727022110548 with initial instances count: 0
2024-09-22T19:21:50.615+03:00  INFO 27536 --- [discovery-service] [    Test worker] c.n.eureka.DefaultEurekaServerContext    : Initializing ...
2024-09-22T19:21:50.618+03:00  WARN 27536 --- [discovery-service] [    Test worker] c.n.eureka.cluster.PeerEurekaNodes       : The replica size seems to be empty. Check the route 53 DNS Registry
2024-09-22T19:21:50.765+03:00  INFO 27536 --- [discovery-service] [    Test worker] c.n.e.registry.AbstractInstanceRegistry  : Finished initializing remote region registries. All known remote regions: []
2024-09-22T19:21:50.767+03:00  INFO 27536 --- [discovery-service] [    Test worker] c.n.eureka.DefaultEurekaServerContext    : Initialized
2024-09-22T19:21:50.942+03:00  INFO 27536 --- [discovery-service] [    Test worker] o.s.b.a.e.web.EndpointLinksResolver      : Exposing 1 endpoint(s) beneath base path '/actuator'
2024-09-22T19:21:51.014+03:00  INFO 27536 --- [discovery-service] [    Test worker] o.s.c.n.e.s.EurekaServiceRegistry        : Registering application DISCOVERY-SERVICE with eureka with status UP
2024-09-22T19:21:51.030+03:00  INFO 27536 --- [discovery-service] [      Thread-12] o.s.c.n.e.server.EurekaServerBootstrap   : isAws returned false
2024-09-22T19:21:51.030+03:00  INFO 27536 --- [discovery-service] [      Thread-12] o.s.c.n.e.server.EurekaServerBootstrap   : Initialized server context
2024-09-22T19:21:51.031+03:00  INFO 27536 --- [discovery-service] [      Thread-12] c.n.e.r.PeerAwareInstanceRegistryImpl    : Got 1 instances from neighboring DS node
2024-09-22T19:21:51.031+03:00  INFO 27536 --- [discovery-service] [      Thread-12] c.n.e.r.PeerAwareInstanceRegistryImpl    : Renew threshold is: 1
2024-09-22T19:21:51.031+03:00  INFO 27536 --- [discovery-service] [    Test worker] c.e.d.DiscoveryServiceApplicationTests   : Started DiscoveryServiceApplicationTests in 7.16 seconds (process running for 8.596)
2024-09-22T19:21:51.031+03:00  INFO 27536 --- [discovery-service] [      Thread-12] c.n.e.r.PeerAwareInstanceRegistryImpl    : Changing status to UP
2024-09-22T19:21:51.048+03:00  INFO 27536 --- [discovery-service] [      Thread-12] e.s.EurekaServerInitializerConfiguration : Started Eureka Server
]]></system-out>
  <system-err><![CDATA[WARNING: A Java agent has been loaded dynamically (C:\Users\sabex\.gradle\caches\modules-2\files-2.1\net.bytebuddy\byte-buddy-agent\1.14.13\979ce25f7d3096a2e82214ba7dc972a05ce7a171\byte-buddy-agent-1.14.13.jar)
WARNING: If a serviceability tool is in use, please run with -XX:+EnableDynamicAgentLoading to hide this warning
WARNING: If a serviceability tool is not in use, please run with -Djdk.instrument.traceUsage for more information
WARNING: Dynamic loading of agents will be disallowed by default in a future release
]]></system-err>
</testsuite>
